<?xml version="1.0" encoding="UTF-8"?>
<!-- Generated by org.testng.reporters.JUnitXMLReporter -->
<testsuite hostname="DESKTOP-QAQ781P" ignored="0" name="Test" tests="1" failures="0" timestamp="2020-04-14T22:04:39 EDT" time="3.079" errors="0">
  <testcase name="@BeforeMethod openapp" time="3.026" classname="genericks.Basetest">
    <failure type="java.lang.NullPointerException" message="null value in entry: url=null">
      <![CDATA[java.lang.NullPointerException: null value in entry: url=null
at com.google.common.collect.CollectPreconditions.checkEntryNotNull(CollectPreconditions.java:32)
at com.google.common.collect.SingletonImmutableBiMap.<init>(SingletonImmutableBiMap.java:42)
at com.google.common.collect.ImmutableBiMap.of(ImmutableBiMap.java:72)
at com.google.common.collect.ImmutableMap.of(ImmutableMap.java:124)
at org.openqa.selenium.remote.RemoteWebDriver.get(RemoteWebDriver.java:277)
at genericks.Basetest.openapp(Basetest.java:18)
at java.util.ArrayList.forEach(Unknown Source)
... Removed 31 stack frames]]>
    </failure>
  </testcase> <!-- @BeforeMethod openapp -->
  <testcase name="@AfterMethod closeapp" time="-1.586916278986E9" classname="genericks.Basetest">
    <skipped/>
  </testcase> <!-- @AfterMethod closeapp -->
  <testcase name="addingproduct" time="0.0" classname="scripts.Addingproducttocart">
    <skipped/>
  </testcase> <!-- addingproduct -->
</testsuite> <!-- Test -->
